<?xml version="1.0" encoding="UTF-8"?>
<!-- Generated by org.testng.reporters.JUnitXMLReporter -->
<testsuite ignored="0" hostname="DESKTOP-MUPOVES" failures="0" tests="14" name="Rest API regression Test" time="34.242" errors="0" timestamp="2022-01-13T20:18:00 IST">
  <testcase classname="com.qa.api.gorest.tests.CreateUserTest" name="createUserAPIPOSTTest" time="5.931"/>
  <testcase classname="com.qa.api.gorest.tests.GetUserTest" name="getAllUserListAPITest" time="11.785"/>
  <testcase classname="com.qa.api.gorest.tests.CreateUserTest" name="createUserAPIPOSTTest" time="0.815"/>
  <testcase classname="com.qa.api.gorest.tests.GetUserTest" name="getUserListWithQueryParamsAPITest" time="0.524"/>
  <testcase classname="com.qa.api.gorest.tests.CreateUserTest" name="createUserAPIPOSTTest" time="0.793"/>
  <testcase classname="com.qa.api.gorest.tests.CreateUserTest" name="createUserAPIPOSTTest" time="0.469"/>
  <testcase classname="com.qa.api.gorest.tests.CreateUserTest" name="createUserAPIPOSTUsingHashMapTest" time="0.337"/>
  <testcase classname="com.qa.api.gorest.tests.UpdateUserTest" name="updateUser_createAndThenDeleteAPITest" time="14.269"/>
  <testcase classname="com.qa.api.gorest.tests.CreateUserTest" name="createUserAPIPOSTUsingHashMapTest" time="0.449"/>
  <testcase classname="com.qa.api.gorest.tests.CreateUserTest" name="createUserAPIPOSTUsingHashMapTest" time="0.736"/>
  <testcase classname="com.qa.api.gorest.tests.CreateUserTest" name="createUserAPIPOSTUsingHashMapTest" time="0.578"/>
  <testcase classname="com.qa.api.gorest.tests.GetImgurAPITest" name="getAccountBlockStatusTest" time="5.408"/>
  <testcase classname="com.qa.api.gorest.tests.GetImgurAPITest" name="getAccountImagesTest" time="3.447"/>
  <testcase classname="com.qa.api.gorest.tests.GetImgurAPITest" name="uploadImagePostAPITest" time="3.442"/>
</testsuite> <!-- Rest API regression Test -->
