<?xml version="1.0" encoding="UTF-8"?>
<!-- Generated by org.testng.reporters.JUnitXMLReporter -->
<testsuite ignored="1" hostname="DESKTOP-MUPOVES" failures="0" tests="4" name="Default test" time="4.554" errors="0" timestamp="12 Jan 2022 07:00:45 GMT">
  <testcase classname="com.qa.api.gorest.tests.CreateUserTest" name="createUserAPIPOSTUsingHashMapTest" time="2.761"/>
  <testcase classname="com.qa.api.gorest.tests.CreateUserTest" name="createUserAPIPOSTUsingHashMapTest" time="0.263"/>
  <testcase classname="com.qa.api.gorest.tests.CreateUserTest" name="createUserAPIPOSTUsingHashMapTest" time="0.31"/>
  <testcase classname="com.qa.api.gorest.tests.CreateUserTest" name="createUserAPIPOSTUsingHashMapTest" time="0.277"/>
  <testcase classname="com.qa.api.gorest.tests.CreateUserTest" name="createUserAPIPOSTTest" time="0.0">
    <ignored/>
  </testcase> <!-- createUserAPIPOSTTest -->
</testsuite> <!-- Default test -->
