<?xml version="1.0" encoding="UTF-8"?>
<testng-results ignored="0" total="14" passed="14" failed="0" skipped="0">
  <reporter-output>
  </reporter-output>
  <suite started-at="2022-01-13T20:17:26 IST" name="Rest API Test Suite" finished-at="2022-01-13T20:18:00 IST" duration-ms="34242">
    <groups>
    </groups>
    <test started-at="2022-01-13T20:17:26 IST" name="Rest API regression Test" finished-at="2022-01-13T20:18:00 IST" duration-ms="34242">
      <class name="com.qa.api.gorest.tests.UpdateUserTest">
        <test-method signature="updateUser_createAndThenDeleteAPITest(java.lang.reflect.Method)[pri:0, instance:com.qa.api.gorest.tests.UpdateUserTest@270b6b5e]" started-at="2022-01-13T20:17:26 IST" name="updateUser_createAndThenDeleteAPITest" finished-at="2022-01-13T20:17:40 IST" duration-ms="14269" status="PASS">
          <params>
            <param index="0">
              <value>
                <![CDATA[public void com.qa.api.gorest.tests.UpdateUserTest.updateUser_createAndThenDeleteAPITest(java.lang.reflect.Method)]]>
              </value>
            </param>
          </params>
          <reporter-output>
          </reporter-output>
        </test-method> <!-- updateUser_createAndThenDeleteAPITest -->
      </class> <!-- com.qa.api.gorest.tests.UpdateUserTest -->
      <class name="com.qa.api.gorest.tests.CreateUserTest">
        <test-method is-config="true" signature="setUp()[pri:0, instance:com.qa.api.gorest.tests.CreateUserTest@15f2eda3]" started-at="2022-01-13T20:17:31 IST" name="setUp" finished-at="2022-01-13T20:17:31 IST" duration-ms="6" status="PASS">
          <reporter-output>
          </reporter-output>
        </test-method> <!-- setUp -->
        <test-method signature="createUserAPIPOSTTest(java.lang.reflect.Method,java.lang.String,java.lang.String,java.lang.String,java.lang.String)[pri:0, instance:com.qa.api.gorest.tests.CreateUserTest@15f2eda3]" started-at="2022-01-13T20:17:31 IST" name="createUserAPIPOSTTest" data-provider="getUserData" finished-at="2022-01-13T20:17:37 IST" duration-ms="5931" status="PASS">
          <params>
            <param index="0">
              <value>
                <![CDATA[public void com.qa.api.gorest.tests.CreateUserTest.createUserAPIPOSTTest(java.lang.reflect.Method,java.lang.String,java.lang.String,java.lang.String,java.lang.String)]]>
              </value>
            </param>
            <param index="1">
              <value>
                <![CDATA[Virat Kohli]]>
              </value>
            </param>
            <param index="2">
              <value>
                <![CDATA[ViratKohli@gmail.com]]>
              </value>
            </param>
            <param index="3">
              <value>
                <![CDATA[male]]>
              </value>
            </param>
            <param index="4">
              <value>
                <![CDATA[active]]>
              </value>
            </param>
          </params>
          <reporter-output>
          </reporter-output>
        </test-method> <!-- createUserAPIPOSTTest -->
        <test-method is-config="true" signature="setUp()[pri:0, instance:com.qa.api.gorest.tests.CreateUserTest@15f2eda3]" started-at="2022-01-13T20:17:37 IST" name="setUp" finished-at="2022-01-13T20:17:37 IST" duration-ms="1" status="PASS">
          <reporter-output>
          </reporter-output>
        </test-method> <!-- setUp -->
        <test-method signature="createUserAPIPOSTTest(java.lang.reflect.Method,java.lang.String,java.lang.String,java.lang.String,java.lang.String)[pri:0, instance:com.qa.api.gorest.tests.CreateUserTest@15f2eda3]" started-at="2022-01-13T20:17:37 IST" name="createUserAPIPOSTTest" data-provider="getUserData" finished-at="2022-01-13T20:17:38 IST" duration-ms="815" status="PASS">
          <params>
            <param index="0">
              <value>
                <![CDATA[public void com.qa.api.gorest.tests.CreateUserTest.createUserAPIPOSTTest(java.lang.reflect.Method,java.lang.String,java.lang.String,java.lang.String,java.lang.String)]]>
              </value>
            </param>
            <param index="1">
              <value>
                <![CDATA[V V Laxshman]]>
              </value>
            </param>
            <param index="2">
              <value>
                <![CDATA[vvsLxshman@gmail.com]]>
              </value>
            </param>
            <param index="3">
              <value>
                <![CDATA[male]]>
              </value>
            </param>
            <param index="4">
              <value>
                <![CDATA[inactive]]>
              </value>
            </param>
          </params>
          <reporter-output>
          </reporter-output>
        </test-method> <!-- createUserAPIPOSTTest -->
        <test-method is-config="true" signature="setUp()[pri:0, instance:com.qa.api.gorest.tests.CreateUserTest@15f2eda3]" started-at="2022-01-13T20:17:38 IST" name="setUp" finished-at="2022-01-13T20:17:38 IST" duration-ms="1" status="PASS">
          <reporter-output>
          </reporter-output>
        </test-method> <!-- setUp -->
        <test-method signature="createUserAPIPOSTTest(java.lang.reflect.Method,java.lang.String,java.lang.String,java.lang.String,java.lang.String)[pri:0, instance:com.qa.api.gorest.tests.CreateUserTest@15f2eda3]" started-at="2022-01-13T20:17:38 IST" name="createUserAPIPOSTTest" data-provider="getUserData" finished-at="2022-01-13T20:17:39 IST" duration-ms="793" status="PASS">
          <params>
            <param index="0">
              <value>
                <![CDATA[public void com.qa.api.gorest.tests.CreateUserTest.createUserAPIPOSTTest(java.lang.reflect.Method,java.lang.String,java.lang.String,java.lang.String,java.lang.String)]]>
              </value>
            </param>
            <param index="1">
              <value>
                <![CDATA[Saurav Gaguly]]>
              </value>
            </param>
            <param index="2">
              <value>
                <![CDATA[SauravGanguly@gmail.com]]>
              </value>
            </param>
            <param index="3">
              <value>
                <![CDATA[male]]>
              </value>
            </param>
            <param index="4">
              <value>
                <![CDATA[inactive]]>
              </value>
            </param>
          </params>
          <reporter-output>
          </reporter-output>
        </test-method> <!-- createUserAPIPOSTTest -->
        <test-method is-config="true" signature="setUp()[pri:0, instance:com.qa.api.gorest.tests.CreateUserTest@15f2eda3]" started-at="2022-01-13T20:17:39 IST" name="setUp" finished-at="2022-01-13T20:17:39 IST" duration-ms="1" status="PASS">
          <reporter-output>
          </reporter-output>
        </test-method> <!-- setUp -->
        <test-method signature="createUserAPIPOSTTest(java.lang.reflect.Method,java.lang.String,java.lang.String,java.lang.String,java.lang.String)[pri:0, instance:com.qa.api.gorest.tests.CreateUserTest@15f2eda3]" started-at="2022-01-13T20:17:39 IST" name="createUserAPIPOSTTest" data-provider="getUserData" finished-at="2022-01-13T20:17:40 IST" duration-ms="469" status="PASS">
          <params>
            <param index="0">
              <value>
                <![CDATA[public void com.qa.api.gorest.tests.CreateUserTest.createUserAPIPOSTTest(java.lang.reflect.Method,java.lang.String,java.lang.String,java.lang.String,java.lang.String)]]>
              </value>
            </param>
            <param index="1">
              <value>
                <![CDATA[Smriti M]]>
              </value>
            </param>
            <param index="2">
              <value>
                <![CDATA[SmiritiM@gmail.com]]>
              </value>
            </param>
            <param index="3">
              <value>
                <![CDATA[female]]>
              </value>
            </param>
            <param index="4">
              <value>
                <![CDATA[active]]>
              </value>
            </param>
          </params>
          <reporter-output>
          </reporter-output>
        </test-method> <!-- createUserAPIPOSTTest -->
        <test-method is-config="true" signature="setUp()[pri:0, instance:com.qa.api.gorest.tests.CreateUserTest@15f2eda3]" started-at="2022-01-13T20:17:40 IST" name="setUp" finished-at="2022-01-13T20:17:40 IST" duration-ms="1" status="PASS">
          <reporter-output>
          </reporter-output>
        </test-method> <!-- setUp -->
        <test-method signature="createUserAPIPOSTUsingHashMapTest(java.lang.reflect.Method,java.util.Map)[pri:0, instance:com.qa.api.gorest.tests.CreateUserTest@15f2eda3]" started-at="2022-01-13T20:17:40 IST" name="createUserAPIPOSTUsingHashMapTest" data-provider="getUserDataUsingHashMap" finished-at="2022-01-13T20:17:40 IST" duration-ms="337" status="PASS">
          <params>
            <param index="0">
              <value>
                <![CDATA[public void com.qa.api.gorest.tests.CreateUserTest.createUserAPIPOSTUsingHashMapTest(java.lang.reflect.Method,java.util.Map)]]>
              </value>
            </param>
            <param index="1">
              <value>
                <![CDATA[{name=Virat Kohli, gender=male, email=ViratKohli@gmail.com, status=active}]]>
              </value>
            </param>
          </params>
          <reporter-output>
          </reporter-output>
        </test-method> <!-- createUserAPIPOSTUsingHashMapTest -->
        <test-method is-config="true" signature="setUp()[pri:0, instance:com.qa.api.gorest.tests.CreateUserTest@15f2eda3]" started-at="2022-01-13T20:17:40 IST" name="setUp" finished-at="2022-01-13T20:17:40 IST" duration-ms="1" status="PASS">
          <reporter-output>
          </reporter-output>
        </test-method> <!-- setUp -->
        <test-method signature="createUserAPIPOSTUsingHashMapTest(java.lang.reflect.Method,java.util.Map)[pri:0, instance:com.qa.api.gorest.tests.CreateUserTest@15f2eda3]" started-at="2022-01-13T20:17:40 IST" name="createUserAPIPOSTUsingHashMapTest" data-provider="getUserDataUsingHashMap" finished-at="2022-01-13T20:17:41 IST" duration-ms="449" status="PASS">
          <params>
            <param index="0">
              <value>
                <![CDATA[public void com.qa.api.gorest.tests.CreateUserTest.createUserAPIPOSTUsingHashMapTest(java.lang.reflect.Method,java.util.Map)]]>
              </value>
            </param>
            <param index="1">
              <value>
                <![CDATA[{name=V V Laxshman, gender=male, email=vvsLxshman@gmail.com, status=inactive}]]>
              </value>
            </param>
          </params>
          <reporter-output>
          </reporter-output>
        </test-method> <!-- createUserAPIPOSTUsingHashMapTest -->
        <test-method is-config="true" signature="setUp()[pri:0, instance:com.qa.api.gorest.tests.CreateUserTest@15f2eda3]" started-at="2022-01-13T20:17:41 IST" name="setUp" finished-at="2022-01-13T20:17:41 IST" duration-ms="2" status="PASS">
          <reporter-output>
          </reporter-output>
        </test-method> <!-- setUp -->
        <test-method signature="createUserAPIPOSTUsingHashMapTest(java.lang.reflect.Method,java.util.Map)[pri:0, instance:com.qa.api.gorest.tests.CreateUserTest@15f2eda3]" started-at="2022-01-13T20:17:41 IST" name="createUserAPIPOSTUsingHashMapTest" data-provider="getUserDataUsingHashMap" finished-at="2022-01-13T20:17:41 IST" duration-ms="736" status="PASS">
          <params>
            <param index="0">
              <value>
                <![CDATA[public void com.qa.api.gorest.tests.CreateUserTest.createUserAPIPOSTUsingHashMapTest(java.lang.reflect.Method,java.util.Map)]]>
              </value>
            </param>
            <param index="1">
              <value>
                <![CDATA[{name=Saurav Gaguly, gender=male, email=SauravGanguly@gmail.com, status=inactive}]]>
              </value>
            </param>
          </params>
          <reporter-output>
          </reporter-output>
        </test-method> <!-- createUserAPIPOSTUsingHashMapTest -->
        <test-method is-config="true" signature="setUp()[pri:0, instance:com.qa.api.gorest.tests.CreateUserTest@15f2eda3]" started-at="2022-01-13T20:17:41 IST" name="setUp" finished-at="2022-01-13T20:17:41 IST" duration-ms="3" status="PASS">
          <reporter-output>
          </reporter-output>
        </test-method> <!-- setUp -->
        <test-method signature="createUserAPIPOSTUsingHashMapTest(java.lang.reflect.Method,java.util.Map)[pri:0, instance:com.qa.api.gorest.tests.CreateUserTest@15f2eda3]" started-at="2022-01-13T20:17:41 IST" name="createUserAPIPOSTUsingHashMapTest" data-provider="getUserDataUsingHashMap" finished-at="2022-01-13T20:17:42 IST" duration-ms="578" status="PASS">
          <params>
            <param index="0">
              <value>
                <![CDATA[public void com.qa.api.gorest.tests.CreateUserTest.createUserAPIPOSTUsingHashMapTest(java.lang.reflect.Method,java.util.Map)]]>
              </value>
            </param>
            <param index="1">
              <value>
                <![CDATA[{name=Smriti M, gender=female, email=SmiritiM@gmail.com, status=active}]]>
              </value>
            </param>
          </params>
          <reporter-output>
          </reporter-output>
        </test-method> <!-- createUserAPIPOSTUsingHashMapTest -->
      </class> <!-- com.qa.api.gorest.tests.CreateUserTest -->
      <class name="com.qa.api.gorest.tests.GetImgurAPITest">
        <test-method is-config="true" signature="setUp()[pri:0, instance:com.qa.api.gorest.tests.GetImgurAPITest@138caeca]" started-at="2022-01-13T20:17:38 IST" name="setUp" finished-at="2022-01-13T20:17:41 IST" duration-ms="2973" status="PASS">
          <reporter-output>
          </reporter-output>
        </test-method> <!-- setUp -->
        <test-method signature="getAccountBlockStatusTest()[pri:0, instance:com.qa.api.gorest.tests.GetImgurAPITest@138caeca]" started-at="2022-01-13T20:17:41 IST" name="getAccountBlockStatusTest" finished-at="2022-01-13T20:17:47 IST" duration-ms="5408" status="PASS">
          <reporter-output>
          </reporter-output>
        </test-method> <!-- getAccountBlockStatusTest -->
        <test-method is-config="true" signature="setUp()[pri:0, instance:com.qa.api.gorest.tests.GetImgurAPITest@138caeca]" started-at="2022-01-13T20:17:47 IST" name="setUp" finished-at="2022-01-13T20:17:49 IST" duration-ms="2729" status="PASS">
          <reporter-output>
          </reporter-output>
        </test-method> <!-- setUp -->
        <test-method signature="getAccountImagesTest()[pri:0, instance:com.qa.api.gorest.tests.GetImgurAPITest@138caeca]" started-at="2022-01-13T20:17:49 IST" name="getAccountImagesTest" finished-at="2022-01-13T20:17:53 IST" duration-ms="3447" status="PASS">
          <reporter-output>
          </reporter-output>
        </test-method> <!-- getAccountImagesTest -->
        <test-method is-config="true" signature="setUp()[pri:0, instance:com.qa.api.gorest.tests.GetImgurAPITest@138caeca]" started-at="2022-01-13T20:17:53 IST" name="setUp" finished-at="2022-01-13T20:17:56 IST" duration-ms="3701" status="PASS">
          <reporter-output>
          </reporter-output>
        </test-method> <!-- setUp -->
        <test-method signature="uploadImagePostAPITest()[pri:0, instance:com.qa.api.gorest.tests.GetImgurAPITest@138caeca]" started-at="2022-01-13T20:17:56 IST" name="uploadImagePostAPITest" finished-at="2022-01-13T20:18:00 IST" duration-ms="3442" status="PASS">
          <reporter-output>
          </reporter-output>
        </test-method> <!-- uploadImagePostAPITest -->
      </class> <!-- com.qa.api.gorest.tests.GetImgurAPITest -->
      <class name="com.qa.api.gorest.tests.GetUserTest">
        <test-method signature="getAllUserListAPITest(java.lang.reflect.Method)[pri:0, instance:com.qa.api.gorest.tests.GetUserTest@506dcf55]" started-at="2022-01-13T20:17:26 IST" name="getAllUserListAPITest" finished-at="2022-01-13T20:17:38 IST" duration-ms="11785" status="PASS">
          <params>
            <param index="0">
              <value>
                <![CDATA[public void com.qa.api.gorest.tests.GetUserTest.getAllUserListAPITest(java.lang.reflect.Method)]]>
              </value>
            </param>
          </params>
          <reporter-output>
          </reporter-output>
        </test-method> <!-- getAllUserListAPITest -->
        <test-method signature="getUserListWithQueryParamsAPITest(java.lang.reflect.Method)[pri:0, instance:com.qa.api.gorest.tests.GetUserTest@506dcf55]" started-at="2022-01-13T20:17:38 IST" name="getUserListWithQueryParamsAPITest" finished-at="2022-01-13T20:17:38 IST" duration-ms="524" status="PASS">
          <params>
            <param index="0">
              <value>
                <![CDATA[public void com.qa.api.gorest.tests.GetUserTest.getUserListWithQueryParamsAPITest(java.lang.reflect.Method)]]>
              </value>
            </param>
          </params>
          <reporter-output>
          </reporter-output>
        </test-method> <!-- getUserListWithQueryParamsAPITest -->
      </class> <!-- com.qa.api.gorest.tests.GetUserTest -->
    </test> <!-- Rest API regression Test -->
  </suite> <!-- Rest API Test Suite -->
</testng-results>
