<?xml version="1.0" encoding="UTF-8"?>
<testsuite xmlns:xsi="http://www.w3.org/2001/XMLSchema-instance" xsi:noNamespaceSchemaLocation="https://maven.apache.org/surefire/maven-surefire-plugin/xsd/surefire-test-report.xsd" name="TestSuite" time="38.933" tests="14" errors="0" skipped="0" failures="0">
  <properties>
[...]
</properties>
  <testcase name="createUserAPIPOSTTest" classname="com.qa.api.gorest.tests.CreateUserTest" time="5.911"/>
  <testcase name="createUserAPIPOSTTest" classname="com.qa.api.gorest.tests.CreateUserTest" time="0.465"/>
  <testcase name="createUserAPIPOSTTest" classname="com.qa.api.gorest.tests.CreateUserTest" time="1.081"/>
  <testcase name="createUserAPIPOSTTest" classname="com.qa.api.gorest.tests.CreateUserTest" time="0.477"/>
  <testcase name="getAllUserListAPITest" classname="com.qa.api.gorest.tests.GetUserTest" time="0.614"/>
  <testcase name="getUserListWithQueryParamsAPITest" classname="com.qa.api.gorest.tests.GetUserTest" time="0.123"/>
  <testcase name="createUserAPIPOSTUsingHashMapTest" classname="com.qa.api.gorest.tests.CreateUserTest" time="0.407"/>
  <testcase name="createUserAPIPOSTUsingHashMapTest" classname="com.qa.api.gorest.tests.CreateUserTest" time="0.544"/>
  <testcase name="createUserAPIPOSTUsingHashMapTest" classname="com.qa.api.gorest.tests.CreateUserTest" time="0.334"/>
  <testcase name="createUserAPIPOSTUsingHashMapTest" classname="com.qa.api.gorest.tests.CreateUserTest" time="0.467"/>
  <testcase name="updateUser_createAndThenDeleteAPITest" classname="com.qa.api.gorest.tests.UpdateUserTest" time="0.421"/>
  <testcase name="getAccountBlockStatusTest" classname="com.qa.api.gorest.tests.GetImgurAPITest" time="4.946"/>
  <testcase name="getAccountImagesTest" classname="com.qa.api.gorest.tests.GetImgurAPITest" time="3.417"/>
  <testcase name="uploadImagePostAPITest" classname="com.qa.api.gorest.tests.GetImgurAPITest" time="3.446"/>
</testsuite>